<?xml version="1.0" encoding="UTF-8"?>
<!-- Generated by org.testng.reporters.JUnitReportReporter -->
<testsuite hostname="DESKTOP-1JJDNTT" failures="0" tests="1" name="Demo.PostDemo" time="3.716" errors="0" timestamp="2023-04-15T12:22:44 EDT" skipped="0">
  <testcase classname="Demo.PostDemo" name="createResource" time="3.716"/>
  <system-out/>
</testsuite> <!-- Demo.PostDemo -->
