<?xml version="1.0" encoding="UTF-8"?>
<!-- Generated by org.testng.reporters.JUnitReportReporter -->
<testsuite hostname="DESKTOP-1JJDNTT" failures="0" tests="1" name="FinalProject.Post" time="3.427" errors="0" timestamp="2023-04-26T17:03:15 EDT" skipped="0">
  <testcase classname="FinalProject.Post" name="createResouce" time="3.427"/>
  <system-out/>
</testsuite> <!-- FinalProject.Post -->
