<?xml version="1.0" encoding="UTF-8"?>
<!-- Generated by org.testng.reporters.JUnitReportReporter -->
<testsuite hostname="DESKTOP-1JJDNTT" failures="0" tests="1" name="FinalProject.Get" time="2.849" errors="0" timestamp="2023-04-26T17:05:15 EDT" skipped="0">
  <testcase classname="FinalProject.Get" name="get" time="2.849"/>
  <system-out/>
</testsuite> <!-- FinalProject.Get -->
