<?xml version="1.0" encoding="UTF-8"?>
<!-- Generated by org.testng.reporters.JUnitReportReporter -->
<testsuite hostname="DESKTOP-1JJDNTT" failures="0" tests="1" name="Demo.PutDemo" time="4.572" errors="0" timestamp="2023-04-15T11:51:38 EDT" skipped="0">
  <testcase classname="Demo.PutDemo" name="createResource" time="4.572"/>
  <system-out/>
</testsuite> <!-- Demo.PutDemo -->
