<?xml version="1.0" encoding="UTF-8"?>
<!-- Generated by org.testng.reporters.JUnitReportReporter -->
<testsuite hostname="DESKTOP-1JJDNTT" failures="0" tests="1" name="FinalProject.Put" time="3.313" errors="0" timestamp="2023-04-26T17:04:45 EDT" skipped="0">
  <testcase classname="FinalProject.Put" name="createResource" time="3.313"/>
  <system-out/>
</testsuite> <!-- FinalProject.Put -->
