<?xml version="1.0" encoding="UTF-8"?>
<!-- Generated by org.testng.reporters.JUnitReportReporter -->
<testsuite hostname="DESKTOP-1JJDNTT" failures="0" tests="1" name="Demo.GetAllCountries" time="3.910" errors="0" timestamp="2023-04-15T12:26:53 EDT" skipped="0">
  <testcase classname="Demo.GetAllCountries" name="getAllCountries" time="3.910"/>
  <system-out/>
</testsuite> <!-- Demo.GetAllCountries -->
