<?xml version="1.0" encoding="UTF-8"?>
<!-- Generated by org.testng.reporters.JUnitReportReporter -->
<testsuite hostname="DESKTOP-1JJDNTT" failures="0" tests="1" name="Scenario2Test.TestScenario2" time="0.561" errors="0" timestamp="2023-04-26T17:00:19 EDT" skipped="0">
  <testcase classname="Scenario2Test.TestScenario2" name="BuyFromS" time="0.561"/>
  <system-out/>
</testsuite> <!-- Scenario2Test.TestScenario2 -->
