<?xml version="1.0" encoding="UTF-8"?>
<!-- Generated by org.testng.reporters.JUnitReportReporter -->
<testsuite hostname="DESKTOP-1JJDNTT" failures="0" tests="1" name="Scenario1Test.TestScenario1" time="1.480" errors="0" timestamp="2023-04-26T16:59:57 EDT" skipped="0">
  <testcase classname="Scenario1Test.TestScenario1" name="BuyFromS" time="1.480"/>
  <system-out/>
</testsuite> <!-- Scenario1Test.TestScenario1 -->
