<?xml version="1.0" encoding="UTF-8"?>
<!-- Generated by org.testng.reporters.JUnitReportReporter -->
<testsuite hostname="DESKTOP-1JJDNTT" failures="0" tests="1" name="Scenario4Test.TestScenario4" time="1.524" errors="0" timestamp="2023-04-26T17:01:01 EDT" skipped="0">
  <testcase classname="Scenario4Test.TestScenario4" name="BuyFromS" time="1.524"/>
  <system-out/>
</testsuite> <!-- Scenario4Test.TestScenario4 -->
