<?xml version="1.0" encoding="UTF-8"?>
<!-- Generated by org.testng.reporters.JUnitReportReporter -->
<testsuite hostname="DESKTOP-1JJDNTT" failures="0" tests="1" name="Scenario3Test.VerifyErrMsg3" time="1.219" errors="0" timestamp="2023-04-26T13:02:06 EDT" skipped="0">
  <testcase classname="Scenario3Test.VerifyErrMsg3" name="BuyFromS" time="1.219"/>
  <system-out/>
</testsuite> <!-- Scenario3Test.VerifyErrMsg3 -->
