<?xml version="1.0" encoding="UTF-8"?>
<!-- Generated by org.testng.reporters.JUnitReportReporter -->
<testsuite hostname="DESKTOP-1JJDNTT" failures="0" tests="1" name="Scenario4Test.VerifySuccessMessage4" time="1.474" errors="0" timestamp="2023-04-20T11:42:47 EDT" skipped="0">
  <testcase classname="Scenario4Test.VerifySuccessMessage4" name="BuyFromS" time="1.474"/>
  <system-out/>
</testsuite> <!-- Scenario4Test.VerifySuccessMessage4 -->
