<?xml version="1.0" encoding="UTF-8"?>
<!-- Generated by org.testng.reporters.JUnitReportReporter -->
<testsuite hostname="DESKTOP-1JJDNTT" failures="0" tests="1" name="Scenario5Test.TestScenario5" time="1.656" errors="0" timestamp="2023-04-26T17:01:48 EDT" skipped="0">
  <testcase classname="Scenario5Test.TestScenario5" name="BuyFromS" time="1.656"/>
  <system-out/>
</testsuite> <!-- Scenario5Test.TestScenario5 -->
